[debug] [2020-12-05T14:58:10.154Z] ----------------------------------------------------------------------
[debug] [2020-12-05T14:58:10.167Z] Command:       C:\Program Files\nodejs\node.exe C:\Users\HPr\AppData\Roaming\npm\node_modules\firebase-tools\lib\bin\firebase.js init
[debug] [2020-12-05T14:58:10.170Z] CLI Version:   8.14.1
[debug] [2020-12-05T14:58:10.171Z] Platform:      win32
[debug] [2020-12-05T14:58:10.171Z] Node Version:  v14.15.0
[debug] [2020-12-05T14:58:10.178Z] Time:          Sat Dec 05 2020 20:28:10 GMT+0530 (India Standard Time)
[debug] [2020-12-05T14:58:10.179Z] ----------------------------------------------------------------------
[debug] [2020-12-05T14:58:10.179Z] 
[debug] [2020-12-05T14:58:10.265Z] > command requires scopes: ["email","openid","https://www.googleapis.com/auth/cloudplatformprojects.readonly","https://www.googleapis.com/auth/firebase","https://www.googleapis.com/auth/cloud-platform"]
[debug] [2020-12-05T14:58:10.268Z] > authorizing via signed-in user
[info] 
     ######## #### ########  ######## ########     ###     ######  ########
     ##        ##  ##     ## ##       ##     ##  ##   ##  ##       ##
     ######    ##  ########  ######   ########  #########  ######  ######
     ##        ##  ##    ##  ##       ##     ## ##     ##       ## ##
     ##       #### ##     ## ######## ########  ##     ##  ######  ########

You're about to initialize a Firebase project in this directory:

  C:\Users\HPr\reacttut\todo_app

Before we get started, keep in mind:

  * You are initializing in an existing Firebase project directory

